<?xml version="1.0" encoding="UTF-8"?>
<!-- Generated by org.testng.reporters.JUnitReportReporter -->
<testsuite hostname="mamta-PC" name="sanitySuite.AmazonShoppingTest" tests="1" failures="0" timestamp="25 Nov 2018 09:45:31 GMT" time="106.965" errors="0">
  <testcase name="AdditemtoCartandCheckout" time="106.965" classname="sanitySuite.AmazonShoppingTest"/>
</testsuite> <!-- sanitySuite.AmazonShoppingTest -->
