<?xml version="1.0" encoding="UTF-8"?>
<!-- Generated by org.testng.reporters.JUnitReportReporter -->
<testsuite hostname="mamta-PC" name="sanitySuite.TestCase_1_GoogleSearch" tests="1" failures="0" timestamp="31 Oct 2018 11:15:14 GMT" time="64.029" errors="0">
  <testcase name="open_url" time="64.029" classname="sanitySuite.TestCase_1_GoogleSearch"/>
</testsuite> <!-- sanitySuite.TestCase_1_GoogleSearch -->
