<?xml version="1.0" encoding="UTF-8"?>
<!-- Generated by org.testng.reporters.JUnitReportReporter -->
<testsuite hostname="mamta-PC" name="sanitySuite.AmazonShoppingTest" tests="1" failures="0" timestamp="25 Nov 2018 09:23:07 GMT" time="112.004" errors="0">
  <testcase name="AdditemtoCartandCheckout" time="112.004" classname="sanitySuite.AmazonShoppingTest"/>
</testsuite> <!-- sanitySuite.AmazonShoppingTest -->
