<?xml version="1.0" encoding="UTF-8"?>
<!-- Generated by org.testng.reporters.JUnitReportReporter -->
<testsuite hostname="mamta-PC" name="sanitySuite.AmazonShoppingTest" tests="1" failures="0" timestamp="1 Nov 2018 10:34:30 GMT" time="135.307" errors="0">
  <testcase name="AdditemtoCartandCheckout" time="135.307" classname="sanitySuite.AmazonShoppingTest"/>
</testsuite> <!-- sanitySuite.AmazonShoppingTest -->
