<?xml version="1.0" encoding="UTF-8"?>
<!-- Generated by org.testng.reporters.JUnitReportReporter -->
<testsuite hostname="mamta-PC" name="sanitySuite.AmazonShoppingTest" tests="1" failures="0" timestamp="31 Oct 2018 11:28:53 GMT" time="151.865" errors="0">
  <testcase name="AdditemtoCartandCheckout" time="151.865" classname="sanitySuite.AmazonShoppingTest"/>
</testsuite> <!-- sanitySuite.AmazonShoppingTest -->
