<?xml version="1.0" encoding="UTF-8"?>
<!-- Generated by org.testng.reporters.JUnitReportReporter -->
<testsuite hostname="mamta-PC" name="sanitySuite.AmazonShoppingTest" tests="1" failures="0" timestamp="21 Nov 2018 16:09:07 GMT" time="320.780" errors="0">
  <testcase name="AdditemtoCartandCheckout" time="320.780" classname="sanitySuite.AmazonShoppingTest"/>
</testsuite> <!-- sanitySuite.AmazonShoppingTest -->
